// 重构日志: f4115329
// 重构日志: c85a0ba8
// 同步 ID: 8a8d0d20 @ Wed May  6 00:35:29 UTC 2026
// 重构日志: 46d12096
// 同步 ID: cf7f6b4c @ Thu May  7 18:13:24 UTC 2026
// 重构日志: fa702448
// 重构日志: 462fcefe
// 重构日志: b7645d7b
// 同步 ID: dce1b2bd @ Sat May  9 15:25:36 UTC 2026
// 同步 ID: 7b78203f @ Sat May  9 18:39:17 UTC 2026
// 同步 ID: 3352fa91 @ Sun May 10 00:08:32 UTC 2026
// 重构日志: 6a9a3944
// 同步 ID: 2224bb03 @ Mon May 11 00:47:31 UTC 2026
// 重构日志: fdcf933e
// 重构日志: 16ef25dd
// 重构日志: 089b0d5f
// 同步 ID: d48aae0b @ Sun May 17 16:31:13 UTC 2026
// 重构日志: 37e3c819
// 重构日志: 36ffde81
// 同步 ID: e26e6cd4 @ Sun May 24 09:54:44 UTC 2026
// 重构日志: f3fc3260
// 同步 ID: bb1a85e9 @ Wed May 27 21:24:02 UTC 2026
// 重构日志: 4f6039fd
// 同步 ID: 84be8a05 @ Sat May 30 09:06:46 UTC 2026
// 重构日志: 9d5c91e7
// 重构日志: dab75577
// 重构日志: ba1ace81
// 重构日志: 078f3a9d
// 同步 ID: e019cbb3 @ Sat Jun  6 13:42:50 UTC 2026
